<?xml version="1.0" encoding="UTF-8"?>
<testng-results ignored="0" total="2" passed="2" failed="0" skipped="0">
  <reporter-output>
  </reporter-output>
  <suite started-at="2026-02-19T10:53:21 IST" name="Suite" finished-at="2026-02-19T10:53:29 IST" duration-ms="7513">
    <groups>
    </groups>
    <test started-at="2026-02-19T10:53:21 IST" name="Test" finished-at="2026-02-19T10:53:29 IST" duration-ms="7513">
      <class name="test.UserTest">
        <test-method signature="postmethod()[pri:0, instance:test.UserTest@479d31f3]" started-at="2026-02-19T10:53:21 IST" name="postmethod" finished-at="2026-02-19T10:53:27 IST" duration-ms="5548" status="PASS">
          <reporter-output>
          </reporter-output>
        </test-method> <!-- postmethod -->
      </class> <!-- test.UserTest -->
      <class name="test.UserTest2">
        <test-method signature="postmethod()[pri:0, instance:test.UserTest2@384ad17b]" started-at="2026-02-19T10:53:27 IST" name="postmethod" finished-at="2026-02-19T10:53:29 IST" duration-ms="1911" status="PASS">
          <reporter-output>
          </reporter-output>
        </test-method> <!-- postmethod -->
      </class> <!-- test.UserTest2 -->
    </test> <!-- Test -->
  </suite> <!-- Suite -->
</testng-results>
