<?xml version="1.0" encoding="UTF-8"?>
<testng-results ignored="0" total="2" passed="2" failed="0" skipped="0">
  <reporter-output>
  </reporter-output>
  <suite started-at="2026-02-22T01:32:25 IST" name="Suite" finished-at="2026-02-22T01:32:32 IST" duration-ms="7546">
    <groups>
    </groups>
    <test started-at="2026-02-22T01:32:25 IST" name="Test" finished-at="2026-02-22T01:32:32 IST" duration-ms="7546">
      <class name="test.UserTest">
        <test-method signature="postmethod()[pri:0, instance:test.UserTest@30ee2816]" started-at="2026-02-22T01:32:25 IST" name="postmethod" finished-at="2026-02-22T01:32:31 IST" duration-ms="5772" status="PASS">
          <reporter-output>
          </reporter-output>
        </test-method> <!-- postmethod -->
      </class> <!-- test.UserTest -->
      <class name="test.UserTest2">
        <test-method signature="postmethod()[pri:0, instance:test.UserTest2@50a638b5]" started-at="2026-02-22T01:32:31 IST" name="postmethod" finished-at="2026-02-22T01:32:32 IST" duration-ms="1710" status="PASS">
          <reporter-output>
          </reporter-output>
        </test-method> <!-- postmethod -->
      </class> <!-- test.UserTest2 -->
    </test> <!-- Test -->
  </suite> <!-- Suite -->
</testng-results>
