<?xml version="1.0" encoding="UTF-8"?>
<testng-results ignored="0" total="1" passed="1" failed="0" skipped="0">
  <reporter-output>
  </reporter-output>
  <suite started-at="2026-02-13T16:37:55 IST" name="Default suite" finished-at="2026-02-13T16:38:00 IST" duration-ms="4521">
    <groups>
    </groups>
    <test started-at="2026-02-13T16:37:55 IST" name="Default test" finished-at="2026-02-13T16:38:00 IST" duration-ms="4521">
      <class name="test.UserTest">
        <test-method signature="postmethod()[pri:0, instance:test.UserTest@515c6049]" started-at="2026-02-13T16:37:55 IST" name="postmethod" finished-at="2026-02-13T16:38:00 IST" duration-ms="4458" status="PASS">
          <reporter-output>
          </reporter-output>
        </test-method> <!-- postmethod -->
      </class> <!-- test.UserTest -->
    </test> <!-- Default test -->
  </suite> <!-- Default suite -->
</testng-results>
